# Logfile created on Fri Nov 02 19:50:51 -0300 2012ActiveScaffold: extending RESTful routes for products
ActiveScaffold: extending RESTful routes for clients
ActiveScaffold: extending RESTful routes for invoices
ActiveScaffold: extending RESTful routes for invoice_products
DEPRECATION WARNING: Giving :session_key to SessionStore is deprecated, please use :key instead. (called from new at /home/diego/.rvm/gems/ruby-1.8.7-p370/gems/actionpack-2.3.14/lib/action_controller/middleware_stack.rb:72)


Processing ApplicationController#index (for 127.0.0.1 at 2012-11-02 19:55:10) [GET]
  Parameters: {"action"=>"index", "controller"=>"invoices"}

ActiveRecord::StatementInvalid (Could not find table 'invoices'):
  app/controllers/invoices_controller.rb:3
  /home/diego/.rvm/rubies/ruby-1.8.7-p370/lib/ruby/1.8/webrick/httpserver.rb:104:in `service'
  /home/diego/.rvm/rubies/ruby-1.8.7-p370/lib/ruby/1.8/webrick/httpserver.rb:65:in `run'
  /home/diego/.rvm/rubies/ruby-1.8.7-p370/lib/ruby/1.8/webrick/server.rb:173:in `start_thread'
  /home/diego/.rvm/rubies/ruby-1.8.7-p370/lib/ruby/1.8/webrick/server.rb:162:in `start'
  /home/diego/.rvm/rubies/ruby-1.8.7-p370/lib/ruby/1.8/webrick/server.rb:162:in `start_thread'
  /home/diego/.rvm/rubies/ruby-1.8.7-p370/lib/ruby/1.8/webrick/server.rb:95:in `start'
  /home/diego/.rvm/rubies/ruby-1.8.7-p370/lib/ruby/1.8/webrick/server.rb:92:in `each'
  /home/diego/.rvm/rubies/ruby-1.8.7-p370/lib/ruby/1.8/webrick/server.rb:92:in `start'
  /home/diego/.rvm/rubies/ruby-1.8.7-p370/lib/ruby/1.8/webrick/server.rb:23:in `start'
  /home/diego/.rvm/rubies/ruby-1.8.7-p370/lib/ruby/1.8/webrick/server.rb:82:in `start'

Rendered rescues/_trace (329.5ms)
Rendered rescues/_request_and_response (5.8ms)
Rendering rescues/layout (internal_server_error)
ActiveScaffold: extending RESTful routes for products
ActiveScaffold: extending RESTful routes for clients
ActiveScaffold: extending RESTful routes for invoices
ActiveScaffold: extending RESTful routes for invoice_products
DEPRECATION WARNING: Giving :session_key to SessionStore is deprecated, please use :key instead. (called from new at /home/diego/.rvm/gems/ruby-1.8.7-p370/gems/actionpack-2.3.14/lib/action_controller/middleware_stack.rb:72)


Processing ApplicationController#index (for 127.0.0.1 at 2012-11-02 20:17:52) [GET]
  Parameters: {"controller"=>"invoices", "action"=>"index"}

ActiveRecord::StatementInvalid (Could not find table 'invoices'):
  app/controllers/invoices_controller.rb:3
  /home/diego/.rvm/rubies/ruby-1.8.7-p370/lib/ruby/1.8/webrick/httpserver.rb:104:in `service'
  /home/diego/.rvm/rubies/ruby-1.8.7-p370/lib/ruby/1.8/webrick/httpserver.rb:65:in `run'
  /home/diego/.rvm/rubies/ruby-1.8.7-p370/lib/ruby/1.8/webrick/server.rb:173:in `start_thread'
  /home/diego/.rvm/rubies/ruby-1.8.7-p370/lib/ruby/1.8/webrick/server.rb:162:in `start'
  /home/diego/.rvm/rubies/ruby-1.8.7-p370/lib/ruby/1.8/webrick/server.rb:162:in `start_thread'
  /home/diego/.rvm/rubies/ruby-1.8.7-p370/lib/ruby/1.8/webrick/server.rb:95:in `start'
  /home/diego/.rvm/rubies/ruby-1.8.7-p370/lib/ruby/1.8/webrick/server.rb:92:in `each'
  /home/diego/.rvm/rubies/ruby-1.8.7-p370/lib/ruby/1.8/webrick/server.rb:92:in `start'
  /home/diego/.rvm/rubies/ruby-1.8.7-p370/lib/ruby/1.8/webrick/server.rb:23:in `start'
  /home/diego/.rvm/rubies/ruby-1.8.7-p370/lib/ruby/1.8/webrick/server.rb:82:in `start'

Rendered rescues/_trace (323.0ms)
Rendered rescues/_request_and_response (4.6ms)
Rendering rescues/layout (internal_server_error)
ActiveScaffold: extending RESTful routes for products
ActiveScaffold: extending RESTful routes for clients
ActiveScaffold: extending RESTful routes for invoices
ActiveScaffold: extending RESTful routes for invoice_products
DEPRECATION WARNING: Giving :session_key to SessionStore is deprecated, please use :key instead. (called from new at /home/diego/.rvm/gems/ruby-1.8.7-p370/gems/actionpack-2.3.14/lib/action_controller/middleware_stack.rb:72)


Processing InvoicesController#index (for 127.0.0.1 at 2012-11-02 20:33:31) [GET]
  Parameters: {"action"=>"index", "controller"=>"invoices"}
Redirected to http://localhost:3000/login
Filter chain halted as [:require_user] rendered_or_redirected.
Completed in 50ms (DB: 1) | 302 Found [http://localhost/]
DEPRECATION WARNING: Giving :session_key to SessionStore is deprecated, please use :key instead. (called from new at /home/diego/.rvm/gems/ruby-1.8.7-p370/gems/actionpack-2.3.14/lib/action_controller/middleware_stack.rb:72)


Processing UserSessionsController#new (for 127.0.0.1 at 2012-11-02 20:33:32) [GET]
  Parameters: {"action"=>"new", "controller"=>"user_sessions"}
Rendering template within layouts/login
Rendering user_sessions/new
Completed in 273ms (View: 215, DB: 1) | 200 OK [http://localhost/login]
DEPRECATION WARNING: Giving :session_key to SessionStore is deprecated, please use :key instead. (called from new at /home/diego/.rvm/gems/ruby-1.8.7-p370/gems/actionpack-2.3.14/lib/action_controller/middleware_stack.rb:72)


Processing UserSessionsController#create (for 127.0.0.1 at 2012-11-02 20:33:37) [POST]
  Parameters: {"commit"=>"Login", "user_session"=>{"login"=>"admin", "password"=>"[FILTERED]", "remember_me"=>"0"}, "action"=>"create", "authenticity_token"=>"34eZAfRQzQsmQgCiNLVqCrbXOT3ArDRxIaLELqNEuS4=", "controller"=>"user_sessions"}
  [4;36;1mUser Load (1.5ms)[0m   [0;1mSELECT * FROM "users" WHERE (LOWER("users".login) = 'admin') LIMIT 1[0m
DEPRECATION WARNING: The :http_only option in ActionController::Response#set_cookie has been renamed. Please use :httponly instead. (called from []= at /home/diego/.rvm/gems/ruby-1.8.7-p370/gems/actionpack-2.3.14/lib/action_controller/cookies.rb:84)
  [4;35;1mUser Update (0.9ms)[0m   [0mUPDATE "users" SET "login_count" = 30, "current_login_at" = '2012-11-02 23:33:38', "perishable_token" = 'MiXMHYuTvP250fpf5nKo', "last_login_ip" = '200.123.162.117', "last_request_at" = '2012-11-02 23:33:38', "last_login_at" = '2010-10-04 22:44:14', "current_login_ip" = '127.0.0.1', "updated_at" = '2012-11-02 23:33:38' WHERE "id" = 1[0m
Redirected to http://localhost:3000/
Completed in 717ms (DB: 5) | 302 Found [http://localhost/user_session]
DEPRECATION WARNING: Giving :session_key to SessionStore is deprecated, please use :key instead. (called from new at /home/diego/.rvm/gems/ruby-1.8.7-p370/gems/actionpack-2.3.14/lib/action_controller/middleware_stack.rb:72)


Processing InvoicesController#index (for 127.0.0.1 at 2012-11-02 20:33:39) [GET]
  Parameters: {"action"=>"index", "controller"=>"invoices"}
  [4;36;1mUser Load (1.2ms)[0m   [0;1mSELECT * FROM "users" WHERE ("users"."id" = '1') LIMIT 1[0m
  [4;35;1mUser Update (1.3ms)[0m   [0mUPDATE "users" SET "perishable_token" = 'SfgzjvUnNFso3J9kUfQk', "last_request_at" = '2012-11-02 23:33:39', "updated_at" = '2012-11-02 23:33:39' WHERE "id" = 1[0m
  [4;36;1mSQL (0.7ms)[0m   [0;1mSELECT count(*) AS count_all FROM "invoices" [0m
  [4;35;1mInvoice Load (2.6ms)[0m   [0mSELECT "invoices".* FROM "invoices" ORDER BY "invoices"."nro" ASC LIMIT 15 OFFSET 0[0m
  [4;36;1mClient Load (3.0ms)[0m   [0;1mSELECT * FROM "clients" WHERE ("clients"."id" IN (137,178,145)) [0m
Rendering template within layouts/crud
Rendering list
Rendered _list_header (41.7ms)
Rendered _list_column_headings (115.7ms)
Rendered _messages (29.6ms)
Rendered _list_messages (212.0ms)
Rendered _list_record_columns (33.1ms)
  [4;35;1mSQL (0.7ms)[0m   [0mSELECT count(*) AS count_all FROM "invoice_products" WHERE ("invoice_products".invoice_id = 4) [0m
  [4;36;1mCACHE (0.0ms)[0m   [0;1mSELECT count(*) AS count_all FROM "invoice_products" WHERE ("invoice_products".invoice_id = 4) [0m
Rendered _list_actions (71.1ms)
Rendered _list_record (140.7ms)
Rendered _list_record_columns (43.0ms)
  [4;35;1mSQL (0.6ms)[0m   [0mSELECT count(*) AS count_all FROM "invoice_products" WHERE ("invoice_products".invoice_id = 2) [0m
  [4;36;1mCACHE (0.0ms)[0m   [0;1mSELECT count(*) AS count_all FROM "invoice_products" WHERE ("invoice_products".invoice_id = 2) [0m
Rendered _list_actions (20.8ms)
Rendered _list_record (66.6ms)
Rendered _list_record_columns (19.2ms)
  [4;35;1mSQL (0.7ms)[0m   [0mSELECT count(*) AS count_all FROM "invoice_products" WHERE ("invoice_products".invoice_id = 3) [0m
  [4;36;1mCACHE (0.0ms)[0m   [0;1mSELECT count(*) AS count_all FROM "invoice_products" WHERE ("invoice_products".invoice_id = 3) [0m
Rendered _list_actions (23.9ms)
Rendered _list_record (45.3ms)
Rendered _list_record_columns (24.4ms)
  [4;35;1mSQL (0.5ms)[0m   [0mSELECT count(*) AS count_all FROM "invoice_products" WHERE ("invoice_products".invoice_id = 1) [0m
  [4;36;1mCACHE (0.0ms)[0m   [0;1mSELECT count(*) AS count_all FROM "invoice_products" WHERE ("invoice_products".invoice_id = 1) [0m
Rendered _list_actions (21.4ms)
Rendered _list_record (49.0ms)
Rendered _list_pagination (3.5ms)
Rendered _list (717.0ms)
Completed in 1172ms (View: 925, DB: 12) | 200 OK [http://localhost/]
DEPRECATION WARNING: Giving :session_key to SessionStore is deprecated, please use :key instead. (called from new at /home/diego/.rvm/gems/ruby-1.8.7-p370/gems/actionpack-2.3.14/lib/action_controller/middleware_stack.rb:72)


Processing InvoicesController#pdf (for 127.0.0.1 at 2012-11-02 20:34:06) [GET]
  Parameters: {"preview"=>"true", "action"=>"pdf", "controller"=>"invoices", "id"=>"2"}
  [4;35;1mUser Load (1.4ms)[0m   [0mSELECT * FROM "users" WHERE ("users"."id" = '1') LIMIT 1[0m
  [4;36;1mUser Update (1.0ms)[0m   [0;1mUPDATE "users" SET "perishable_token" = '4B5XLytkITJy3wLPz', "last_request_at" = '2012-11-02 23:34:06', "updated_at" = '2012-11-02 23:34:06' WHERE "id" = 1[0m
  [4;35;1mInvoice Load (0.8ms)[0m   [0mSELECT * FROM "invoices" WHERE ("invoices"."id" = 2) [0m
  [4;36;1mClient Load (0.9ms)[0m   [0;1mSELECT * FROM "clients" WHERE ("clients"."id" = 137) [0m
  [4;35;1mInvoiceProduct Load (1.2ms)[0m   [0mSELECT * FROM "invoice_products" WHERE ("invoice_products".invoice_id = 2) [0m
  [4;36;1mProduct Load (0.7ms)[0m   [0;1mSELECT * FROM "products" WHERE ("products"."id" = 11) [0m
Rendering invoices/pdf

ActionView::TemplateError (undefined method `vertical_padding=' for #<Prawn::Table:0x7f5d080c2d00>) on line #16 of app/views/invoices/pdf.pdf.prawn:
13:     pdf.draw_text @invoice.client.cuit, :at => [350,pdf.bounds.top-163]
14: 
15:     pdf.bounding_box [10,pdf.bounds.top-233], :width => 560 do
16:       pdf.table @products,
17:           :font_size  => 9, 
18:           :column_widths => { 0 => 60, 1 => 348, 2 => 70, 3 => 90 },
19:           :align              => {0 => :right, 1 => :left, 2 => :right, 3 => :right},

    prawn (0.12.0) lib/prawn/table.rb:125:in `send'
    prawn (0.12.0) lib/prawn/table.rb:125:in `initialize'
    prawn (0.12.0) lib/prawn/table.rb:125:in `each'
    prawn (0.12.0) lib/prawn/table.rb:125:in `initialize'
    prawn (0.12.0) lib/prawn/table.rb:25:in `new'
    prawn (0.12.0) lib/prawn/table.rb:25:in `table'
    app/views/invoices/pdf.pdf.prawn:16:in `_run_prawn_app47views47invoices47pdf46pdf46prawn'
    prawn (0.12.0) lib/prawn/document/bounding_box.rb:194:in `call'
    prawn (0.12.0) lib/prawn/document/bounding_box.rb:194:in `init_bounding_box'
    prawn (0.12.0) lib/prawn/document/bounding_box.rb:158:in `bounding_box'
    app/views/invoices/pdf.pdf.prawn:15:in `_run_prawn_app47views47invoices47pdf46pdf46prawn'
    app/views/invoices/pdf.pdf.prawn:2:in `times'
    app/views/invoices/pdf.pdf.prawn:2:in `_run_prawn_app47views47invoices47pdf46pdf46prawn'
    /home/diego/.rvm/rubies/ruby-1.8.7-p370/lib/ruby/1.8/webrick/httpserver.rb:104:in `service'
    /home/diego/.rvm/rubies/ruby-1.8.7-p370/lib/ruby/1.8/webrick/httpserver.rb:65:in `run'
    /home/diego/.rvm/rubies/ruby-1.8.7-p370/lib/ruby/1.8/webrick/server.rb:173:in `start_thread'
    /home/diego/.rvm/rubies/ruby-1.8.7-p370/lib/ruby/1.8/webrick/server.rb:162:in `start'
    /home/diego/.rvm/rubies/ruby-1.8.7-p370/lib/ruby/1.8/webrick/server.rb:162:in `start_thread'
    /home/diego/.rvm/rubies/ruby-1.8.7-p370/lib/ruby/1.8/webrick/server.rb:95:in `start'
    /home/diego/.rvm/rubies/ruby-1.8.7-p370/lib/ruby/1.8/webrick/server.rb:92:in `each'
    /home/diego/.rvm/rubies/ruby-1.8.7-p370/lib/ruby/1.8/webrick/server.rb:92:in `start'
    /home/diego/.rvm/rubies/ruby-1.8.7-p370/lib/ruby/1.8/webrick/server.rb:23:in `start'
    /home/diego/.rvm/rubies/ruby-1.8.7-p370/lib/ruby/1.8/webrick/server.rb:82:in `start'

Rendered rescues/_trace (236.6ms)
Rendered rescues/_request_and_response (3.9ms)
Rendering rescues/layout (internal_server_error)
ActiveScaffold: extending RESTful routes for products
ActiveScaffold: extending RESTful routes for clients
ActiveScaffold: extending RESTful routes for invoices
ActiveScaffold: extending RESTful routes for invoice_products
DEPRECATION WARNING: Giving :session_key to SessionStore is deprecated, please use :key instead. (called from new at /home/diego/.rvm/gems/ruby-1.8.7-p370/gems/actionpack-2.3.14/lib/action_controller/middleware_stack.rb:72)


Processing InvoicesController#index (for 127.0.0.1 at 2012-11-12 14:17:47) [GET]
  Parameters: {"controller"=>"invoices", "action"=>"index"}
Redirected to http://localhost:3000/login
Filter chain halted as [:require_user] rendered_or_redirected.
Completed in 68ms (DB: 16) | 302 Found [http://localhost/]
DEPRECATION WARNING: Giving :session_key to SessionStore is deprecated, please use :key instead. (called from new at /home/diego/.rvm/gems/ruby-1.8.7-p370/gems/actionpack-2.3.14/lib/action_controller/middleware_stack.rb:72)


Processing UserSessionsController#new (for 127.0.0.1 at 2012-11-12 14:17:47) [GET]
  Parameters: {"controller"=>"user_sessions", "action"=>"new"}
Rendering template within layouts/login
Rendering user_sessions/new
Completed in 288ms (View: 205, DB: 1) | 200 OK [http://localhost/login]
ActiveScaffold: extending RESTful routes for products
ActiveScaffold: extending RESTful routes for clients
ActiveScaffold: extending RESTful routes for invoices
ActiveScaffold: extending RESTful routes for invoice_products
DEPRECATION WARNING: Giving :session_key to SessionStore is deprecated, please use :key instead. (called from new at /home/diego/.rvm/gems/ruby-1.8.7-p370/gems/actionpack-2.3.14/lib/action_controller/middleware_stack.rb:72)
/!\ FAILSAFE /!\  Mon Nov 12 14:23:21 -0300 2012
  Status: 500 Internal Server Error
  no such file to load -- mysql
    /home/diego/.rvm/gems/ruby-1.8.7-p370/gems/activesupport-2.3.14/lib/active_support/dependencies.rb:182:in `require'
    /home/diego/.rvm/gems/ruby-1.8.7-p370/gems/activesupport-2.3.14/lib/active_support/dependencies.rb:182:in `require'
    /home/diego/.rvm/gems/ruby-1.8.7-p370/gems/activesupport-2.3.14/lib/active_support/dependencies.rb:547:in `new_constants_in'
    /home/diego/.rvm/gems/ruby-1.8.7-p370/gems/activesupport-2.3.14/lib/active_support/dependencies.rb:182:in `require'
    /home/diego/.rvm/gems/ruby-1.8.7-p370/gems/activesupport-2.3.14/lib/active_support/core_ext/kernel/requires.rb:7:in `require_library_or_gem'
    /home/diego/.rvm/gems/ruby-1.8.7-p370/gems/activesupport-2.3.14/lib/active_support/core_ext/kernel/reporting.rb:11:in `silence_warnings'
    /home/diego/.rvm/gems/ruby-1.8.7-p370/gems/activesupport-2.3.14/lib/active_support/core_ext/kernel/requires.rb:5:in `require_library_or_gem'
    /home/diego/.rvm/gems/ruby-1.8.7-p370/gems/activerecord-2.3.14/lib/active_record/connection_adapters/mysql_adapter.rb:61:in `mysql_connection'
    /home/diego/.rvm/gems/ruby-1.8.7-p370/gems/activerecord-2.3.14/lib/active_record/connection_adapters/abstract/connection_pool.rb:223:in `send'
    /home/diego/.rvm/gems/ruby-1.8.7-p370/gems/activerecord-2.3.14/lib/active_record/connection_adapters/abstract/connection_pool.rb:223:in `new_connection'
    /home/diego/.rvm/gems/ruby-1.8.7-p370/gems/activerecord-2.3.14/lib/active_record/connection_adapters/abstract/connection_pool.rb:245:in `checkout_new_connection'
    /home/diego/.rvm/gems/ruby-1.8.7-p370/gems/activerecord-2.3.14/lib/active_record/connection_adapters/abstract/connection_pool.rb:188:in `checkout'
    /home/diego/.rvm/gems/ruby-1.8.7-p370/gems/activerecord-2.3.14/lib/active_record/connection_adapters/abstract/connection_pool.rb:184:in `loop'
    /home/diego/.rvm/gems/ruby-1.8.7-p370/gems/activerecord-2.3.14/lib/active_record/connection_adapters/abstract/connection_pool.rb:184:in `checkout'
    /home/diego/.rvm/rubies/ruby-1.8.7-p370/lib/ruby/1.8/monitor.rb:242:in `synchronize'
    /home/diego/.rvm/gems/ruby-1.8.7-p370/gems/activerecord-2.3.14/lib/active_record/connection_adapters/abstract/connection_pool.rb:183:in `checkout'
    /home/diego/.rvm/gems/ruby-1.8.7-p370/gems/activerecord-2.3.14/lib/active_record/connection_adapters/abstract/connection_pool.rb:98:in `connection'
    /home/diego/.rvm/gems/ruby-1.8.7-p370/gems/activerecord-2.3.14/lib/active_record/connection_adapters/abstract/connection_pool.rb:326:in `retrieve_connection'
    /home/diego/.rvm/gems/ruby-1.8.7-p370/gems/activerecord-2.3.14/lib/active_record/connection_adapters/abstract/connection_specification.rb:123:in `retrieve_connection'
    /home/diego/.rvm/gems/ruby-1.8.7-p370/gems/activerecord-2.3.14/lib/active_record/connection_adapters/abstract/connection_specification.rb:115:in `connection'
    /home/diego/.rvm/gems/ruby-1.8.7-p370/gems/activerecord-2.3.14/lib/active_record/query_cache.rb:9:in `cache'
    /home/diego/.rvm/gems/ruby-1.8.7-p370/gems/activerecord-2.3.14/lib/active_record/query_cache.rb:28:in `call'
    /home/diego/.rvm/gems/ruby-1.8.7-p370/gems/activerecord-2.3.14/lib/active_record/connection_adapters/abstract/connection_pool.rb:361:in `call'
    /home/diego/.rvm/gems/ruby-1.8.7-p370/gems/actionpack-2.3.14/lib/action_controller/failsafe.rb:26:in `call'
    /home/diego/.rvm/gems/ruby-1.8.7-p370/gems/rack-1.1.3/lib/rack/lock.rb:11:in `call'
    /home/diego/.rvm/gems/ruby-1.8.7-p370/gems/rack-1.1.3/lib/rack/lock.rb:11:in `synchronize'
    /home/diego/.rvm/gems/ruby-1.8.7-p370/gems/rack-1.1.3/lib/rack/lock.rb:11:in `call'
    /home/diego/.rvm/gems/ruby-1.8.7-p370/gems/actionpack-2.3.14/lib/action_controller/dispatcher.rb:114:in `call'
    /home/diego/.rvm/gems/ruby-1.8.7-p370/gems/actionpack-2.3.14/lib/action_controller/reloader.rb:34:in `run'
    /home/diego/.rvm/gems/ruby-1.8.7-p370/gems/actionpack-2.3.14/lib/action_controller/dispatcher.rb:108:in `call'
    /home/diego/.rvm/gems/ruby-1.8.7-p370/gems/rails-2.3.14/lib/rails/rack/static.rb:31:in `call'
    /home/diego/.rvm/gems/ruby-1.8.7-p370/gems/rack-1.1.3/lib/rack/urlmap.rb:47:in `call'
    /home/diego/.rvm/gems/ruby-1.8.7-p370/gems/rack-1.1.3/lib/rack/urlmap.rb:41:in `each'
    /home/diego/.rvm/gems/ruby-1.8.7-p370/gems/rack-1.1.3/lib/rack/urlmap.rb:41:in `call'
    /home/diego/.rvm/gems/ruby-1.8.7-p370/gems/rails-2.3.14/lib/rails/rack/log_tailer.rb:17:in `call'
    /home/diego/.rvm/gems/ruby-1.8.7-p370/gems/rack-1.1.3/lib/rack/content_length.rb:13:in `call'
    /home/diego/.rvm/gems/ruby-1.8.7-p370/gems/rack-1.1.3/lib/rack/handler/webrick.rb:48:in `service'
    /home/diego/.rvm/rubies/ruby-1.8.7-p370/lib/ruby/1.8/webrick/httpserver.rb:104:in `service'
    /home/diego/.rvm/rubies/ruby-1.8.7-p370/lib/ruby/1.8/webrick/httpserver.rb:65:in `run'
    /home/diego/.rvm/rubies/ruby-1.8.7-p370/lib/ruby/1.8/webrick/server.rb:173:in `start_thread'
    /home/diego/.rvm/rubies/ruby-1.8.7-p370/lib/ruby/1.8/webrick/server.rb:162:in `start'
    /home/diego/.rvm/rubies/ruby-1.8.7-p370/lib/ruby/1.8/webrick/server.rb:162:in `start_thread'
    /home/diego/.rvm/rubies/ruby-1.8.7-p370/lib/ruby/1.8/webrick/server.rb:95:in `start'
    /home/diego/.rvm/rubies/ruby-1.8.7-p370/lib/ruby/1.8/webrick/server.rb:92:in `each'
    /home/diego/.rvm/rubies/ruby-1.8.7-p370/lib/ruby/1.8/webrick/server.rb:92:in `start'
    /home/diego/.rvm/rubies/ruby-1.8.7-p370/lib/ruby/1.8/webrick/server.rb:23:in `start'
    /home/diego/.rvm/rubies/ruby-1.8.7-p370/lib/ruby/1.8/webrick/server.rb:82:in `start'
    /home/diego/.rvm/gems/ruby-1.8.7-p370/gems/rack-1.1.3/lib/rack/handler/webrick.rb:14:in `run'
    /home/diego/.rvm/gems/ruby-1.8.7-p370/gems/rails-2.3.14/lib/commands/server.rb:111
    script/server:3:in `require'
    script/server:3
ActiveScaffold: extending RESTful routes for products
ActiveScaffold: extending RESTful routes for clients
ActiveScaffold: extending RESTful routes for invoices
ActiveScaffold: extending RESTful routes for invoice_products
DEPRECATION WARNING: Giving :session_key to SessionStore is deprecated, please use :key instead. (called from new at /home/diego/.rvm/gems/ruby-1.8.7-p370/gems/actionpack-2.3.14/lib/action_controller/middleware_stack.rb:72)
  [4;36;1mSQL (0.4ms)[0m   [0;1mSET SQL_AUTO_IS_NULL=0[0m


Processing UserSessionsController#new (for 127.0.0.1 at 2012-11-12 16:18:44) [GET]
  Parameters: {"action"=>"new", "controller"=>"user_sessions"}
  [4;35;1mUser Columns (2.7ms)[0m   [0mSHOW FIELDS FROM `users`[0m
Rendering template within layouts/login
Rendering user_sessions/new
Completed in 154ms (View: 74, DB: 6) | 200 OK [http://localhost/login]
DEPRECATION WARNING: Giving :session_key to SessionStore is deprecated, please use :key instead. (called from new at /home/diego/.rvm/gems/ruby-1.8.7-p370/gems/actionpack-2.3.14/lib/action_controller/middleware_stack.rb:72)
  [4;36;1mSQL (0.3ms)[0m   [0;1mSET SQL_AUTO_IS_NULL=0[0m


Processing UserSessionsController#create (for 127.0.0.1 at 2012-11-12 16:18:49) [POST]
  Parameters: {"action"=>"create", "controller"=>"user_sessions", "authenticity_token"=>"twixXXyIB0kS7vwKcMIyHyZq3WgA8RFHs15AoMAab0E=", "user_session"=>{"password"=>"[FILTERED]", "remember_me"=>"0", "login"=>"admin"}, "commit"=>"Login"}
  [4;35;1mUser Columns (2.8ms)[0m   [0mSHOW FIELDS FROM `users`[0m
  [4;36;1mUser Load (1.0ms)[0m   [0;1mSELECT * FROM `users` WHERE (LOWER(`users`.login) = 'admin') LIMIT 1[0m
DEPRECATION WARNING: The :http_only option in ActionController::Response#set_cookie has been renamed. Please use :httponly instead. (called from []= at /home/diego/.rvm/gems/ruby-1.8.7-p370/gems/actionpack-2.3.14/lib/action_controller/cookies.rb:84)
  [4;35;1mSQL (0.3ms)[0m   [0mBEGIN[0m
  [4;36;1mUser Update (0.9ms)[0m   [0;1mUPDATE `users` SET `last_login_at` = '2010-10-04 22:44:14', `last_request_at` = '2012-11-12 19:18:50', `updated_at` = '2012-11-12 19:18:50', `current_login_at` = '2012-11-12 19:18:50', `perishable_token` = '45EqLCa527bxUKzWRAvk', `login_count` = 30, `current_login_ip` = '127.0.0.1', `last_login_ip` = '200.123.162.117' WHERE `id` = 1[0m
  [4;35;1mSQL (49.1ms)[0m   [0mCOMMIT[0m
Redirected to http://localhost:3000/
Completed in 811ms (DB: 56) | 302 Found [http://localhost/user_session]
DEPRECATION WARNING: Giving :session_key to SessionStore is deprecated, please use :key instead. (called from new at /home/diego/.rvm/gems/ruby-1.8.7-p370/gems/actionpack-2.3.14/lib/action_controller/middleware_stack.rb:72)
  [4;36;1mSQL (0.2ms)[0m   [0;1mSET SQL_AUTO_IS_NULL=0[0m
  [4;35;1mInvoice Columns (3.7ms)[0m   [0mSHOW FIELDS FROM `invoices`[0m
  [4;36;1mClient Columns (3.3ms)[0m   [0;1mSHOW FIELDS FROM `clients`[0m


Processing InvoicesController#index (for 127.0.0.1 at 2012-11-12 16:18:51) [GET]
  Parameters: {"action"=>"index", "controller"=>"invoices"}
  [4;35;1mUser Columns (3.4ms)[0m   [0mSHOW FIELDS FROM `users`[0m
  [4;36;1mUser Load (0.8ms)[0m   [0;1mSELECT * FROM `users` WHERE (`users`.`id` = '1') LIMIT 1[0m
  [4;35;1mSQL (0.3ms)[0m   [0mBEGIN[0m
  [4;36;1mUser Update (0.9ms)[0m   [0;1mUPDATE `users` SET `last_request_at` = '2012-11-12 19:18:51', `updated_at` = '2012-11-12 19:18:51', `perishable_token` = 'Rqd9X4hns2Q7L5iitESW' WHERE `id` = 1[0m
  [4;35;1mSQL (148.2ms)[0m   [0mCOMMIT[0m
  [4;36;1mSQL (0.6ms)[0m   [0;1mSELECT count(*) AS count_all FROM `invoices` [0m
  [4;35;1mInvoice Load (1.0ms)[0m   [0mSELECT `invoices`.* FROM `invoices` ORDER BY `invoices`.`nro` ASC LIMIT 0, 15[0m
  [4;36;1mClient Load (1.0ms)[0m   [0;1mSELECT * FROM `clients` WHERE (`clients`.`id` IN (178,145,137)) [0m
Rendering template within layouts/crud
Rendering list
Rendered _list_header (19.4ms)
Rendered _list_column_headings (90.2ms)
Rendered _messages (3.0ms)
Rendered _list_messages (33.6ms)
Rendered _list_record_columns (36.0ms)
  [4;35;1mInvoiceProduct Columns (3.1ms)[0m   [0mSHOW FIELDS FROM `invoice_products`[0m
  [4;36;1mSQL (0.9ms)[0m   [0;1mSELECT count(*) AS count_all FROM `invoice_products` WHERE (`invoice_products`.invoice_id = 4) [0m
  [4;35;1mCACHE (0.0ms)[0m   [0mSELECT count(*) AS count_all FROM `invoice_products` WHERE (`invoice_products`.invoice_id = 4) [0m
Rendered _list_actions (75.9ms)
Rendered _list_record (316.9ms)
Rendered _list_record_columns (39.0ms)
  [4;36;1mSQL (0.7ms)[0m   [0;1mSELECT count(*) AS count_all FROM `invoice_products` WHERE (`invoice_products`.invoice_id = 2) [0m
  [4;35;1mCACHE (0.0ms)[0m   [0mSELECT count(*) AS count_all FROM `invoice_products` WHERE (`invoice_products`.invoice_id = 2) [0m
Rendered _list_actions (26.1ms)
Rendered _list_record (68.1ms)
Rendered _list_record_columns (24.8ms)
  [4;36;1mSQL (0.7ms)[0m   [0;1mSELECT count(*) AS count_all FROM `invoice_products` WHERE (`invoice_products`.invoice_id = 3) [0m
  [4;35;1mCACHE (0.0ms)[0m   [0mSELECT count(*) AS count_all FROM `invoice_products` WHERE (`invoice_products`.invoice_id = 3) [0m
Rendered _list_actions (21.1ms)
Rendered _list_record (48.1ms)
Rendered _list_record_columns (29.4ms)
  [4;36;1mSQL (0.7ms)[0m   [0;1mSELECT count(*) AS count_all FROM `invoice_products` WHERE (`invoice_products`.invoice_id = 1) [0m
  [4;35;1mCACHE (0.0ms)[0m   [0mSELECT count(*) AS count_all FROM `invoice_products` WHERE (`invoice_products`.invoice_id = 1) [0m
Rendered _list_actions (23.0ms)
Rendered _list_record (54.6ms)
Rendered _list_pagination (4.5ms)
Rendered _list (689.8ms)
Completed in 1087ms (View: 846, DB: 171) | 200 OK [http://localhost/]
DEPRECATION WARNING: Giving :session_key to SessionStore is deprecated, please use :key instead. (called from new at /home/diego/.rvm/gems/ruby-1.8.7-p370/gems/actionpack-2.3.14/lib/action_controller/middleware_stack.rb:72)
  [4;36;1mSQL (0.3ms)[0m   [0;1mSET SQL_AUTO_IS_NULL=0[0m
  [4;35;1mProduct Columns (2.0ms)[0m   [0mSHOW FIELDS FROM `products`[0m


Processing ProductsController#index (for 127.0.0.1 at 2012-11-12 16:19:03) [GET]
  Parameters: {"action"=>"index", "controller"=>"products"}
  [4;36;1mUser Columns (3.1ms)[0m   [0;1mSHOW FIELDS FROM `users`[0m
  [4;35;1mUser Load (0.8ms)[0m   [0mSELECT * FROM `users` WHERE (`users`.`id` = '1') LIMIT 1[0m
  [4;36;1mSQL (0.2ms)[0m   [0;1mBEGIN[0m
  [4;35;1mUser Update (1.1ms)[0m   [0mUPDATE `users` SET `last_request_at` = '2012-11-12 19:19:03', `updated_at` = '2012-11-12 19:19:03', `perishable_token` = 'mHibUknIg94HpoDy2cv' WHERE `id` = 1[0m
  [4;36;1mSQL (137.4ms)[0m   [0;1mCOMMIT[0m
  [4;35;1mSQL (0.7ms)[0m   [0mSELECT count(*) AS count_all FROM `products` [0m
  [4;36;1mProduct Load (1.7ms)[0m   [0;1mSELECT `products`.* FROM `products` ORDER BY `products`.`name` ASC LIMIT 0, 15[0m
Rendering template within layouts/crud
Rendering list
Rendered _list_header (17.4ms)
Rendered _list_column_headings (27.7ms)
Rendered _messages (3.3ms)
Rendered _list_messages (28.8ms)
Rendered _list_record_columns (6.3ms)
Rendered _list_actions (44.4ms)
Rendered _list_record (86.1ms)
Rendered _list_record_columns (4.4ms)
Rendered _list_actions (13.2ms)
Rendered _list_record (47.5ms)
Rendered _list_record_columns (5.2ms)
Rendered _list_actions (22.8ms)
Rendered _list_record (30.7ms)
Rendered _list_record_columns (7.0ms)
Rendered _list_actions (14.6ms)
Rendered _list_record (24.7ms)
Rendered _list_record_columns (6.4ms)
Rendered _list_actions (14.6ms)
Rendered _list_record (23.8ms)
Rendered _list_record_columns (4.4ms)
Rendered _list_actions (16.6ms)
Rendered _list_record (23.8ms)
Rendered _list_record_columns (4.2ms)
Rendered _list_actions (18.4ms)
Rendered _list_record (25.3ms)
Rendered _list_record_columns (6.9ms)
Rendered _list_actions (13.1ms)
Rendered _list_record (23.4ms)
Rendered _list_record_columns (5.5ms)
Rendered _list_actions (12.0ms)
Rendered _list_record (20.0ms)
Rendered _list_record_columns (4.6ms)
Rendered _list_actions (12.6ms)
Rendered _list_record (19.4ms)
Rendered _list_record_columns (3.9ms)
Rendered _list_actions (12.4ms)
Rendered _list_record (18.4ms)
Rendered _list_record_columns (6.3ms)
Rendered _list_actions (18.2ms)
Rendered _list_record (27.7ms)
Rendered _list_record_columns (6.4ms)
Rendered _list_actions (14.4ms)
Rendered _list_record (23.9ms)
Rendered _list_record_columns (3.9ms)
Rendered _list_actions (12.8ms)
Rendered _list_record (19.1ms)
Rendered _list_record_columns (6.6ms)
Rendered _list_actions (12.4ms)
Rendered _list_record (21.9ms)
Rendered _list_pagination_links (79.3ms)
Rendered _list_pagination (100.6ms)
Rendered _list (833.6ms)
Completed in 1206ms (View: 950, DB: 149) | 200 OK [http://localhost/products]
DEPRECATION WARNING: Giving :session_key to SessionStore is deprecated, please use :key instead. (called from new at /home/diego/.rvm/gems/ruby-1.8.7-p370/gems/actionpack-2.3.14/lib/action_controller/middleware_stack.rb:72)
  [4;35;1mSQL (0.2ms)[0m   [0mSET SQL_AUTO_IS_NULL=0[0m
  [4;36;1mProduct Columns (1.9ms)[0m   [0;1mSHOW FIELDS FROM `products`[0m


Processing ProductsController#new (for 127.0.0.1 at 2012-11-12 16:19:07) [GET]
  Parameters: {"adapter"=>"_list_inline_adapter", "action"=>"new", "_method"=>"get", "controller"=>"products"}
  [4;35;1mUser Columns (2.9ms)[0m   [0mSHOW FIELDS FROM `users`[0m
  [4;36;1mUser Load (0.8ms)[0m   [0;1mSELECT * FROM `users` WHERE (`users`.`id` = '1') LIMIT 1[0m
  [4;35;1mSQL (0.3ms)[0m   [0mBEGIN[0m
  [4;36;1mUser Update (0.9ms)[0m   [0;1mUPDATE `users` SET `last_request_at` = '2012-11-12 19:19:07', `updated_at` = '2012-11-12 19:19:07', `perishable_token` = 'f1gbKZBoFTbsBNXC8Cyk' WHERE `id` = 1[0m
  [4;35;1mSQL (31.7ms)[0m   [0mCOMMIT[0m
Rendered _form_attribute (6.9ms)
Rendered _form_attribute (4.0ms)
Rendered _form (47.7ms)
Rendered _create_form (101.7ms)
Rendered _messages (2.7ms)
Rendered _list_inline_adapter (19.4ms)
Completed in 295ms (View: 32, DB: 0) | 200 OK [http://localhost/products/new?_method=get&adapter=_list_inline_adapter]
DEPRECATION WARNING: Giving :session_key to SessionStore is deprecated, please use :key instead. (called from new at /home/diego/.rvm/gems/ruby-1.8.7-p370/gems/actionpack-2.3.14/lib/action_controller/middleware_stack.rb:72)
  [4;36;1mSQL (0.3ms)[0m   [0;1mSET SQL_AUTO_IS_NULL=0[0m
  [4;35;1mProduct Columns (1.9ms)[0m   [0mSHOW FIELDS FROM `products`[0m


Processing ProductsController#create (for 127.0.0.1 at 2012-11-12 16:19:16) [POST]
  Parameters: {"record"=>{"price"=>"444", "name"=>"test"}, "action"=>"create", "_"=>"", "controller"=>"products", "authenticity_token"=>"twixXXyIB0kS7vwKcMIyHyZq3WgA8RFHs15AoMAab0E=", "commit"=>"Crear"}
  [4;36;1mUser Columns (4.2ms)[0m   [0;1mSHOW FIELDS FROM `users`[0m
  [4;35;1mUser Load (0.8ms)[0m   [0mSELECT * FROM `users` WHERE (`users`.`id` = '1') LIMIT 1[0m
  [4;36;1mSQL (0.3ms)[0m   [0;1mBEGIN[0m
  [4;35;1mUser Update (0.8ms)[0m   [0mUPDATE `users` SET `last_request_at` = '2012-11-12 19:19:16', `updated_at` = '2012-11-12 19:19:16', `perishable_token` = 'BilJie9EZwB88pVXhHn' WHERE `id` = 1[0m
  [4;36;1mSQL (44.2ms)[0m   [0;1mCOMMIT[0m
  [4;35;1mSQL (0.3ms)[0m   [0mBEGIN[0m
  [4;36;1mProduct Load (0.8ms)[0m   [0;1mSELECT `products`.id FROM `products` WHERE (`products`.`name` = BINARY 'test') LIMIT 1[0m
  [4;35;1mCACHE (0.0ms)[0m   [0mSELECT `products`.id FROM `products` WHERE (`products`.`name` = BINARY 'test') LIMIT 1[0m
  [4;36;1mProduct Create (0.6ms)[0m   [0;1mINSERT INTO `products` (`created_at`, `price`, `name`, `updated_at`) VALUES('2012-11-12 19:19:16', 444.0, 'test', '2012-11-12 19:19:16')[0m
  [4;35;1mSQL (46.4ms)[0m   [0mCOMMIT[0m
Rendering on_create
Rendered _list_record_columns (6.5ms)
Rendered _list_actions (39.1ms)
Rendered _list_record (72.7ms)
Rendered _messages (5.5ms)
Completed in 374ms (View: 170, DB: 102) | 200 OK [http://localhost/products]
DEPRECATION WARNING: Giving :session_key to SessionStore is deprecated, please use :key instead. (called from new at /home/diego/.rvm/gems/ruby-1.8.7-p370/gems/actionpack-2.3.14/lib/action_controller/middleware_stack.rb:72)
  [4;36;1mSQL (0.3ms)[0m   [0;1mSET SQL_AUTO_IS_NULL=0[0m
  [4;35;1mProduct Columns (3.0ms)[0m   [0mSHOW FIELDS FROM `products`[0m


Processing ProductsController#destroy (for 127.0.0.1 at 2012-11-12 16:19:22) [DELETE]
  Parameters: {"action"=>"destroy", "_method"=>"delete", "_"=>"", "controller"=>"products", "id"=>"85", "authenticity_token"=>"twixXXyIB0kS7vwKcMIyHyZq3WgA8RFHs15AoMAab0E="}
  [4;36;1mUser Columns (3.8ms)[0m   [0;1mSHOW FIELDS FROM `users`[0m
  [4;35;1mUser Load (0.8ms)[0m   [0mSELECT * FROM `users` WHERE (`users`.`id` = '1') LIMIT 1[0m
  [4;36;1mSQL (0.3ms)[0m   [0;1mBEGIN[0m
  [4;35;1mUser Update (0.8ms)[0m   [0mUPDATE `users` SET `last_request_at` = '2012-11-12 19:19:22', `updated_at` = '2012-11-12 19:19:22', `perishable_token` = 'Fd0Ge8ojPiZxxGQ5mSF' WHERE `id` = 1[0m
  [4;36;1mSQL (53.7ms)[0m   [0;1mCOMMIT[0m
  [4;35;1mProduct Load (0.7ms)[0m   [0mSELECT * FROM `products` WHERE (`products`.`id` = 85) [0m
  [4;36;1mSQL (0.3ms)[0m   [0;1mBEGIN[0m
  [4;35;1mProduct Destroy (0.7ms)[0m   [0mDELETE FROM `products` WHERE `id` = 85[0m
  [4;36;1mSQL (34.4ms)[0m   [0;1mCOMMIT[0m
Rendering destroy
Rendered _messages (3.0ms)
Completed in 267ms (View: 76, DB: 100) | 200 OK [http://localhost/products/85?_method=delete&authenticity_token=twixXXyIB0kS7vwKcMIyHyZq3WgA8RFHs15AoMAab0E%3D]
